
Showing logs for build [32msimonjamesrowe-api-gateway-mast-gtnff-1[0m stage [32mfrom-build-pack[0m and container [32mcredential-initializer[0m
{"level":"info","ts":1609182118.565068,"caller":"creds-init/main.go:44","msg":"Credentials initialized."}

Showing logs for build [32msimonjamesrowe-api-gateway-mast-gtnff-1[0m stage [32mfrom-build-pack[0m and container [32mworking-dir-initializer[0m

Showing logs for build [32msimonjamesrowe-api-gateway-mast-gtnff-1[0m stage [32mfrom-build-pack[0m and container [32mplace-tools[0m

Showing logs for build [32msimonjamesrowe-api-gateway-mast-gtnff-1[0m stage [32mfrom-build-pack[0m and container [32mstep-git-source-simonjamesrowe-api-gateway-mast-gtnff-nvbwb[0m
{"level":"info","ts":1609182154.68432,"caller":"git/git.go:105","msg":"Successfully cloned https://github.com/simonjamesrowe/api-gateway.git @ v0.0.6 in path /workspace/source"}
{"level":"warn","ts":1609182154.6845617,"caller":"git/git.go:152","msg":"Unexpected error: creating symlink: symlink /tekton/home/.ssh /****/.ssh: file exists"}
{"level":"info","ts":1609182154.7571938,"caller":"git/git.go:133","msg":"Successfully initialized and updated submodules in path /workspace/source"}

Showing logs for build [32msimonjamesrowe-api-gateway-mast-gtnff-1[0m stage [32mfrom-build-pack[0m and container [32mstep-setup-builder-home[0m

Showing logs for build [32msimonjamesrowe-api-gateway-mast-gtnff-1[0m stage [32mfrom-build-pack[0m and container [32mstep-git-merge[0m
Using SHAs from PULL_REFS=master:
WARNING: no SHAs to merge, falling back to initial cloned commit

Showing logs for build [32msimonjamesrowe-api-gateway-mast-gtnff-1[0m stage [32mfrom-build-pack[0m and container [32mstep-setup-jx-git-credentials[0m
Generated Git credentials file /workspace/xdg_config/git/credentials

Showing logs for build [32msimonjamesrowe-api-gateway-mast-gtnff-1[0m stage [32mfrom-build-pack[0m and container [32mstep-build-mvn-deploy[0m
Picked up _JAVA_OPTIONS: -XX:+UnlockExperimentalVMOptions -Dsun.zip.disableMemoryMapping=true -XX:+UseParallelGC -XX:MinHeapFreeRatio=5 -XX:MaxHeapFreeRatio=10 -XX:GCTimeRatio=4 -XX:AdaptiveSizePolicyWeight=90 -Xms10m -Xmx192m
[INFO] Scanning for projects...
[INFO] 
[INFO] -------------------< com.simonjamesrowe:api-gateway >-------------------
[INFO] Building api-gateway 0.0.6
[INFO] --------------------------------[ jar ]---------------------------------
[INFO] 
[INFO] --- maven-clean-plugin:3.1.0:clean (default-clean) @ api-gateway ---
[INFO] 
[INFO] --- maven-resources-plugin:3.1.0:resources (default-resources) @ api-gateway ---
[INFO] Using 'UTF-8' encoding to copy filtered resources.
[INFO] Copying 1 resource
[INFO] Copying 0 resource
[INFO] 
[INFO] --- maven-compiler-plugin:3.8.1:compile (default-compile) @ api-gateway ---
[INFO] Nothing to compile - all classes are up to date
[INFO] 
[INFO] --- kotlin-maven-plugin:1.3.72:compile (compile) @ api-gateway ---
[INFO] Applied plugin: 'spring'
[WARNING] /workspace/source/src/main/kotlin/com/simonjamesrowe/apigateway/UploadController.kt: (45, 94) Unchecked cast: ResponseEntity<ByteArray> to ResponseEntity<ByteArray?>
[WARNING] /workspace/source/src/main/kotlin/com/simonjamesrowe/apigateway/UploadController.kt: (55, 86) Unchecked cast: ResponseEntity<ByteArray> to ResponseEntity<ByteArray?>
[INFO] 
[INFO] --- maven-resources-plugin:3.1.0:testResources (default-testResources) @ api-gateway ---
[INFO] Using 'UTF-8' encoding to copy filtered resources.
[INFO] skip non existing resourceDirectory /workspace/source/src/test/resources
[INFO] 
[INFO] --- maven-compiler-plugin:3.8.1:testCompile (default-testCompile) @ api-gateway ---
[INFO] Changes detected - recompiling the module!
[INFO] 
[INFO] --- kotlin-maven-plugin:1.3.72:test-compile (test-compile) @ api-gateway ---
[INFO] Applied plugin: 'spring'
[INFO] 
[INFO] --- maven-surefire-plugin:3.0.0-M1:test (default-test) @ api-gateway ---
[INFO] 
[INFO] -------------------------------------------------------
[INFO]  T E S T S
[INFO] -------------------------------------------------------
[INFO] Running com.simonjamesrowe.apigateway.ApiGatewayApplicationTests
19:04:17.405 [main] DEBUG org.springframework.test.context.BootstrapUtils - Instantiating CacheAwareContextLoaderDelegate from class [org.springframework.test.context.cache.DefaultCacheAwareContextLoaderDelegate]
19:04:17.458 [main] DEBUG org.springframework.test.context.BootstrapUtils - Instantiating BootstrapContext using constructor [public org.springframework.test.context.support.DefaultBootstrapContext(java.lang.Class,org.springframework.test.context.CacheAwareContextLoaderDelegate)]
19:04:17.527 [main] DEBUG org.springframework.test.context.BootstrapUtils - Instantiating TestContextBootstrapper for test class [com.simonjamesrowe.apigateway.ApiGatewayApplicationTests] from class [org.springframework.boot.test.context.SpringBootTestContextBootstrapper]
19:04:17.605 [main] INFO org.springframework.boot.test.context.SpringBootTestContextBootstrapper - Neither @ContextConfiguration nor @ContextHierarchy found for test class [com.simonjamesrowe.apigateway.ApiGatewayApplicationTests], using SpringBootContextLoader
19:04:17.645 [main] DEBUG org.springframework.test.context.support.AbstractContextLoader - Did not detect default resource location for test class [com.simonjamesrowe.apigateway.ApiGatewayApplicationTests]: class path resource [com/simonjamesrowe/apigateway/ApiGatewayApplicationTests-context.xml] does not exist
19:04:17.648 [main] DEBUG org.springframework.test.context.support.AbstractContextLoader - Did not detect default resource location for test class [com.simonjamesrowe.apigateway.ApiGatewayApplicationTests]: class path resource [com/simonjamesrowe/apigateway/ApiGatewayApplicationTestsContext.groovy] does not exist
19:04:17.649 [main] INFO org.springframework.test.context.support.AbstractContextLoader - Could not detect default resource locations for test class [com.simonjamesrowe.apigateway.ApiGatewayApplicationTests]: no resource found for suffixes {-context.xml, Context.groovy}.
19:04:17.653 [main] INFO org.springframework.test.context.support.AnnotationConfigContextLoaderUtils - Could not detect default configuration classes for test class [com.simonjamesrowe.apigateway.ApiGatewayApplicationTests]: ApiGatewayApplicationTests does not declare any static, non-private, non-final, nested classes annotated with @Configuration.
19:04:17.805 [main] DEBUG org.springframework.test.context.support.ActiveProfilesUtils - Could not find an 'annotation declaring class' for annotation type [org.springframework.test.context.ActiveProfiles] and class [com.simonjamesrowe.apigateway.ApiGatewayApplicationTests]
19:04:18.126 [main] DEBUG org.springframework.context.annotation.ClassPathScanningCandidateComponentProvider - Identified candidate component class: file [/workspace/source/target/classes/com/simonjamesrowe/apigateway/ApiGatewayApplication.class]
19:04:18.301 [main] INFO org.springframework.boot.test.context.SpringBootTestContextBootstrapper - Found @SpringBootConfiguration com.simonjamesrowe.apigateway.ApiGatewayApplication for test class com.simonjamesrowe.apigateway.ApiGatewayApplicationTests
19:04:18.727 [main] DEBUG org.springframework.boot.test.context.SpringBootTestContextBootstrapper - @TestExecutionListeners is not present for class [com.simonjamesrowe.apigateway.ApiGatewayApplicationTests]: using defaults.
19:04:18.728 [main] INFO org.springframework.boot.test.context.SpringBootTestContextBootstrapper - Loaded default TestExecutionListener class names from location [META-INF/spring.factories]: [org.springframework.boot.test.mock.mockito.MockitoTestExecutionListener, org.springframework.boot.test.mock.mockito.ResetMocksTestExecutionListener, org.springframework.boot.test.autoconfigure.restdocs.RestDocsTestExecutionListener, org.springframework.boot.test.autoconfigure.web.client.MockRestServiceServerResetTestExecutionListener, org.springframework.boot.test.autoconfigure.web.servlet.MockMvcPrintOnlyOnFailureTestExecutionListener, org.springframework.boot.test.autoconfigure.web.servlet.WebDriverTestExecutionListener, org.springframework.boot.test.autoconfigure.webservices.client.MockWebServiceServerTestExecutionListener, org.springframework.test.context.web.ServletTestExecutionListener, org.springframework.test.context.support.DirtiesContextBeforeModesTestExecutionListener, org.springframework.test.context.support.DependencyInjectionTestExecutionListener, org.springframework.test.context.support.DirtiesContextTestExecutionListener, org.springframework.test.context.transaction.TransactionalTestExecutionListener, org.springframework.test.context.jdbc.SqlScriptsTestExecutionListener, org.springframework.test.context.event.EventPublishingTestExecutionListener]
19:04:18.807 [main] DEBUG org.springframework.boot.test.context.SpringBootTestContextBootstrapper - Skipping candidate TestExecutionListener [org.springframework.test.context.web.ServletTestExecutionListener] due to a missing dependency. Specify custom listener classes or make the default listener classes and their required dependencies available. Offending class: [javax/servlet/ServletContext]
19:04:18.810 [main] DEBUG org.springframework.boot.test.context.SpringBootTestContextBootstrapper - Skipping candidate TestExecutionListener [org.springframework.test.context.transaction.TransactionalTestExecutionListener] due to a missing dependency. Specify custom listener classes or make the default listener classes and their required dependencies available. Offending class: [org/springframework/transaction/TransactionDefinition]
19:04:18.812 [main] DEBUG org.springframework.boot.test.context.SpringBootTestContextBootstrapper - Skipping candidate TestExecutionListener [org.springframework.test.context.jdbc.SqlScriptsTestExecutionListener] due to a missing dependency. Specify custom listener classes or make the default listener classes and their required dependencies available. Offending class: [org/springframework/transaction/interceptor/TransactionAttribute]
19:04:18.813 [main] INFO org.springframework.boot.test.context.SpringBootTestContextBootstrapper - Using TestExecutionListeners: [org.springframework.test.context.support.DirtiesContextBeforeModesTestExecutionListener@78f5c518, org.springframework.boot.test.mock.mockito.MockitoTestExecutionListener@2f48b3d2, org.springframework.boot.test.autoconfigure.SpringBootDependencyInjectionTestExecutionListener@34f7234e, org.springframework.test.context.support.DirtiesContextTestExecutionListener@753432a2, org.springframework.test.context.event.EventPublishingTestExecutionListener@23bff419, org.springframework.boot.test.mock.mockito.ResetMocksTestExecutionListener@4983159f, org.springframework.boot.test.autoconfigure.restdocs.RestDocsTestExecutionListener@44e3a2b2, org.springframework.boot.test.autoconfigure.web.client.MockRestServiceServerResetTestExecutionListener@101639ae, org.springframework.boot.test.autoconfigure.web.servlet.MockMvcPrintOnlyOnFailureTestExecutionListener@4c550889, org.springframework.boot.test.autoconfigure.web.servlet.WebDriverTestExecutionListener@1d2bd371, org.springframework.boot.test.autoconfigure.webservices.client.MockWebServiceServerTestExecutionListener@44040454]
19:04:18.819 [main] DEBUG org.springframework.test.context.support.AbstractDirtiesContextTestExecutionListener - Before test class: context [DefaultTestContext@fcb4004 testClass = ApiGatewayApplicationTests, testInstance = [null], testMethod = [null], testException = [null], mergedContextConfiguration = [ReactiveWebMergedContextConfiguration@1dd6d4b7 testClass = ApiGatewayApplicationTests, locations = '{}', classes = '{class com.simonjamesrowe.apigateway.ApiGatewayApplication}', contextInitializerClasses = '[]', activeProfiles = '{}', propertySourceLocations = '{}', propertySourceProperties = '{org.springframework.boot.test.context.SpringBootTestContextBootstrapper=true}', contextCustomizers = set[org.springframework.boot.test.context.filter.ExcludeFilterContextCustomizer@7f2cfe3f, org.springframework.boot.test.json.DuplicateJsonObjectContextCustomizerFactory$DuplicateJsonObjectContextCustomizer@32115b28, org.springframework.boot.test.mock.mockito.MockitoContextCustomizer@0, org.springframework.boot.test.web.client.TestRestTemplateContextCustomizer@4e0ae11f, org.springframework.boot.test.web.reactive.server.WebTestClientContextCustomizer@34129c78, org.springframework.boot.test.autoconfigure.properties.PropertyMappingContextCustomizer@0, org.springframework.boot.test.autoconfigure.web.servlet.WebDriverContextCustomizerFactory$Customizer@389b0789, org.springframework.boot.test.context.SpringBootTestArgs@1], contextLoader = 'org.springframework.boot.test.context.SpringBootContextLoader', parent = [null]], attributes = map[[empty]]], class annotated with @DirtiesContext [false] with mode [null].
19:04:18.907 [main] DEBUG org.springframework.test.context.support.DependencyInjectionTestExecutionListener - Performing dependency injection for test context [[DefaultTestContext@fcb4004 testClass = ApiGatewayApplicationTests, testInstance = com.simonjamesrowe.apigateway.ApiGatewayApplicationTests@319bc845, testMethod = [null], testException = [null], mergedContextConfiguration = [ReactiveWebMergedContextConfiguration@1dd6d4b7 testClass = ApiGatewayApplicationTests, locations = '{}', classes = '{class com.simonjamesrowe.apigateway.ApiGatewayApplication}', contextInitializerClasses = '[]', activeProfiles = '{}', propertySourceLocations = '{}', propertySourceProperties = '{org.springframework.boot.test.context.SpringBootTestContextBootstrapper=true}', contextCustomizers = set[org.springframework.boot.test.context.filter.ExcludeFilterContextCustomizer@7f2cfe3f, org.springframework.boot.test.json.DuplicateJsonObjectContextCustomizerFactory$DuplicateJsonObjectContextCustomizer@32115b28, org.springframework.boot.test.mock.mockito.MockitoContextCustomizer@0, org.springframework.boot.test.web.client.TestRestTemplateContextCustomizer@4e0ae11f, org.springframework.boot.test.web.reactive.server.WebTestClientContextCustomizer@34129c78, org.springframework.boot.test.autoconfigure.properties.PropertyMappingContextCustomizer@0, org.springframework.boot.test.autoconfigure.web.servlet.WebDriverContextCustomizerFactory$Customizer@389b0789, org.springframework.boot.test.context.SpringBootTestArgs@1], contextLoader = 'org.springframework.boot.test.context.SpringBootContextLoader', parent = [null]], attributes = map[[empty]]]].
19:04:19.023 [main] DEBUG org.springframework.test.context.support.TestPropertySourceUtils - Adding inlined properties to environment: {spring.jmx.enabled=false, org.springframework.boot.test.context.SpringBootTestContextBootstrapper=true}

  .   ____          _            __ _ _
 /\\ / ___'_ __ _ _(_)_ __  __ _ \ \ \ \
( ( )\___ | '_ | '_| | '_ \/ _` | \ \ \ \
 \\/  ___)| |_)| | | | | || (_| |  ) ) ) )
  '  |____| .__|_| |_|_| |_\__, | / / / /
 =========|_|==============|___/=/_/_/_/
 :: Spring Boot ::        (v2.3.1.RELEASE)

2020-12-28 19:04:22.022  INFO 78 --- [           main] c.s.a.ApiGatewayApplicationTests         : No active profile set, falling back to default profiles: default
2020-12-28 19:04:25.824  INFO 78 --- [           main] o.s.cloud.context.scope.GenericScope     : BeanFactory id=550ec0f2-fec4-3d89-9b33-512f3d2fb234
2020-12-28 19:04:33.611  INFO 78 --- [           main] o.s.c.g.r.RouteDefinitionRouteLocator    : Loaded RoutePredicateFactory [After]
2020-12-28 19:04:33.611  INFO 78 --- [           main] o.s.c.g.r.RouteDefinitionRouteLocator    : Loaded RoutePredicateFactory [Before]
2020-12-28 19:04:33.611  INFO 78 --- [           main] o.s.c.g.r.RouteDefinitionRouteLocator    : Loaded RoutePredicateFactory [Between]
2020-12-28 19:04:33.611  INFO 78 --- [           main] o.s.c.g.r.RouteDefinitionRouteLocator    : Loaded RoutePredicateFactory [Cookie]
2020-12-28 19:04:33.611  INFO 78 --- [           main] o.s.c.g.r.RouteDefinitionRouteLocator    : Loaded RoutePredicateFactory [Header]
2020-12-28 19:04:33.612  INFO 78 --- [           main] o.s.c.g.r.RouteDefinitionRouteLocator    : Loaded RoutePredicateFactory [Host]
2020-12-28 19:04:33.612  INFO 78 --- [           main] o.s.c.g.r.RouteDefinitionRouteLocator    : Loaded RoutePredicateFactory [Method]
2020-12-28 19:04:33.612  INFO 78 --- [           main] o.s.c.g.r.RouteDefinitionRouteLocator    : Loaded RoutePredicateFactory [Path]
2020-12-28 19:04:33.612  INFO 78 --- [           main] o.s.c.g.r.RouteDefinitionRouteLocator    : Loaded RoutePredicateFactory [Query]
2020-12-28 19:04:33.612  INFO 78 --- [           main] o.s.c.g.r.RouteDefinitionRouteLocator    : Loaded RoutePredicateFactory [ReadBodyPredicateFactory]
2020-12-28 19:04:33.614  INFO 78 --- [           main] o.s.c.g.r.RouteDefinitionRouteLocator    : Loaded RoutePredicateFactory [RemoteAddr]
2020-12-28 19:04:33.615  INFO 78 --- [           main] o.s.c.g.r.RouteDefinitionRouteLocator    : Loaded RoutePredicateFactory [Weight]
2020-12-28 19:04:33.615  INFO 78 --- [           main] o.s.c.g.r.RouteDefinitionRouteLocator    : Loaded RoutePredicateFactory [CloudFoundryRouteService]
2020-12-28 19:04:35.911  INFO 78 --- [           main] o.s.b.a.e.web.EndpointLinksResolver      : Exposing 2 endpoint(s) beneath base path '/actuator'
2020-12-28 19:04:37.337  INFO 78 --- [           main] c.s.a.ApiGatewayApplicationTests         : Started ApiGatewayApplicationTests in 18.303 seconds (JVM running for 22.492)
[INFO] Tests run: 1, Failures: 0, Errors: 0, Skipped: 0, Time elapsed: 21.518 s - in com.simonjamesrowe.apigateway.ApiGatewayApplicationTests
[INFO] 
[INFO] Results:
[INFO] 
[INFO] Tests run: 1, Failures: 0, Errors: 0, Skipped: 0
[INFO] 
[INFO] 
[INFO] --- maven-jar-plugin:3.2.0:jar (default-jar) @ api-gateway ---
[INFO] Building jar: /workspace/source/target/api-gateway-0.0.6.jar
[INFO] 
[INFO] --- spring-boot-maven-plugin:2.3.1.RELEASE:repackage (repackage) @ api-gateway ---
[INFO] Replacing main artifact with repackaged archive
[INFO] 
[INFO] --- maven-install-plugin:2.5.2:install (default-install) @ api-gateway ---
[INFO] Installing /workspace/source/target/api-gateway-0.0.6.jar to /home/jenkins/.mvnrepository/com/simonjamesrowe/api-gateway/0.0.6/api-gateway-0.0.6.jar
[INFO] Installing /workspace/source/pom.xml to /home/jenkins/.mvnrepository/com/simonjamesrowe/api-gateway/0.0.6/api-gateway-0.0.6.pom
[INFO] 
[INFO] --- maven-deploy-plugin:2.8.2:deploy (default-deploy) @ api-gateway ---
[INFO] Using alternate deployment repository local-nexus::default::http://nexus/repository/maven-releases/
[INFO] ------------------------------------------------------------------------
[INFO] BUILD SUCCESS
[INFO] ------------------------------------------------------------------------
[INFO] Total time:  02:13 min
[INFO] Finished at: 2020-12-28T19:04:54Z
[INFO] ------------------------------------------------------------------------

Showing logs for build [32msimonjamesrowe-api-gateway-mast-gtnff-1[0m stage [32mfrom-build-pack[0m and container [32mstep-build-skaffold-version[0m
v1.0.1

Showing logs for build [32msimonjamesrowe-api-gateway-mast-gtnff-1[0m stage [32mfrom-build-pack[0m and container [32mstep-build-container-build[0m
[36mINFO[0m[0000] Using dockerignore file: /workspace/source/.dockerignore 
[36mINFO[0m[0000] Retrieving image manifest openjdk:11-jre-slim 
[36mINFO[0m[0001] Retrieving image manifest openjdk:11-jre-slim 
[36mINFO[0m[0003] Built cross stage deps: map[]                
[36mINFO[0m[0003] Retrieving image manifest openjdk:11-jre-slim 
[36mINFO[0m[0004] Retrieving image manifest openjdk:11-jre-slim 
[36mINFO[0m[0005] Executing 0 build triggers                   
[36mINFO[0m[0005] cmd: EXPOSE                                  
[36mINFO[0m[0005] Adding exposed port: 8080/tcp                
[36mINFO[0m[0005] Resolving srcs [pom.xml target/lib*]...      
[36mINFO[0m[0006] Checking for cached layer harbor.simonjamesrowe.com/todo/cache:e8c08ecde43138934202fd69f12dadda91f2d8ea1aa53a244b4a89538bca0a1b... 
[36mINFO[0m[0006] No cached layer found for cmd COPY pom.xml target/lib* /opt/lib/ 
[36mINFO[0m[0006] Resolving srcs [target/*.jar]...             
[36mINFO[0m[0006] Unpacking ****fs as cmd COPY pom.xml target/lib* /opt/lib/ requires it. 
[36mINFO[0m[0080] ENV PORT 8080                                
[36mINFO[0m[0080] No files changed in this command, skipping snapshotting. 
[36mINFO[0m[0080] ENV CLASSPATH /opt/lib                       
[36mINFO[0m[0080] No files changed in this command, skipping snapshotting. 
[36mINFO[0m[0080] EXPOSE 8080                                  
[36mINFO[0m[0080] cmd: EXPOSE                                  
[36mINFO[0m[0080] Adding exposed port: 8080/tcp                
[36mINFO[0m[0080] No files changed in this command, skipping snapshotting. 
[36mINFO[0m[0080] Resolving srcs [pom.xml target/lib*]...      
[36mINFO[0m[0080] COPY pom.xml target/lib* /opt/lib/           
[36mINFO[0m[0080] Resolving srcs [pom.xml target/lib*]...      
[36mINFO[0m[0080] Resolving 1 paths                            
[36mINFO[0m[0080] Taking snapshot of files...                  
[36mINFO[0m[0080] Pushing layer harbor.simonjamesrowe.com/todo/cache:e8c08ecde43138934202fd69f12dadda91f2d8ea1aa53a244b4a89538bca0a1b to cache now 
[36mINFO[0m[0080] Resolving srcs [target/*.jar]...             
[36mINFO[0m[0080] COPY target/*.jar /opt/app.jar               
[36mINFO[0m[0080] Resolving srcs [target/*.jar]...             
[36mINFO[0m[0080] Resolving 1 paths                            
[36mINFO[0m[0080] Taking snapshot of files...                  
[36mINFO[0m[0081] Pushing layer harbor.simonjamesrowe.com/todo/cache:db11328b85df25884a1ab6781c64920c73ebc040ca3ce76059f67c244347cf8e to cache now 
[36mINFO[0m[0081] WORKDIR /opt                                 
[36mINFO[0m[0081] cmd: workdir                                 
[36mINFO[0m[0081] Changed working directory to /opt            
[36mINFO[0m[0081] No files changed in this command, skipping snapshotting. 
[36mINFO[0m[0081] CMD ["java", "-jar", "app.jar"]              
[36mINFO[0m[0081] No files changed in this command, skipping snapshotting. 
[33mWARN[0m[0081] error uploading layer to cache: failed to push to destination harbor.simonjamesrowe.com/todo/cache:e8c08ecde43138934202fd69f12dadda91f2d8ea1aa53a244b4a89538bca0a1b: HEAD https://harbor.simonjamesrowe.com/v2/todo/cache/blobs/sha256:21e2171c810d7772124a0da55ab2f6ba602b1b935380dffda4a61b214544e9bb: unsupported status code 401 

Showing logs for build [32msimonjamesrowe-api-gateway-mast-gtnff-1[0m stage [32mfrom-build-pack[0m and container [32mstep-build-post-build[0m
no CVE provider running in the current ** namespace so skip adding image to be analysed

Showing logs for build [32msimonjamesrowe-api-gateway-mast-gtnff-1[0m stage [32mfrom-build-pack[0m and container [32mstep-promote-changelog[0m
Converted /workspace/source/charts/api-gateway to an unshallow repository
Generating change log from git ref 5d748fa6d1e2a037cc2aa682b67698aa21a9ad55 => 1b31d805022f53fb97c44ab093926d5c7e7ed919
WARNING: No release found for simonjamesrowe/api-gateway and tag v0.0.6 so creating a new release
Updated the release information at https://github.com/simonjamesrowe/api-gateway/releases/tag/v0.0.6
generated: /workspace/source/charts/api-gateway/templates/release.yaml
Created Release api-gateway-0-0-6 resource in namespace **
Updating PipelineActivity simonjamesrowe-api-gateway-master-1 with version 0.0.6
Updated PipelineActivities simonjamesrowe-api-gateway-master-1 with release notes URL: https://github.com/simonjamesrowe/api-gateway/releases/tag/v0.0.6

Showing logs for build [32msimonjamesrowe-api-gateway-mast-gtnff-1[0m stage [32mfrom-build-pack[0m and container [32mstep-promote-helm-release[0m
WARNING: No $CHART_REPOSITORY defined so using the default value of: http://jenkins-x-chartmuseum:8080
Adding missing Helm repo: storage.googleapis.com https://storage.googleapis.com/chartmuseum.jenkins-x.io
Successfully added Helm repository storage.googleapis.com.
Adding missing Helm repo: jenkins-x-chartmuseum http://jenkins-x-chartmuseum:8080
Successfully added Helm repository jenkins-x-chartmuseum.
WARNING: No $CHART_REPOSITORY defined so using the default value of: http://jenkins-x-chartmuseum:8080
Uploading chart file api-gateway-0.0.6.tgz to http://jenkins-x-chartmuseum:8080/api/charts
Received 201 response: {"saved":true}

Showing logs for build [32msimonjamesrowe-api-gateway-mast-gtnff-1[0m stage [32mfrom-build-pack[0m and container [32mstep-promote-jx-promote[0m
WARNING: prow based install so skip waiting for the merge of Pull Requests to go green as currently there is an issue with gettingstatuses from the PR, see https://github.com/jenkins-x/**/issues/2410
WARNING: No $CHART_REPOSITORY defined so using the default value of: http://jenkins-x-chartmuseum:8080
Promoting app api-gateway version 0.0.6 to namespace **-staging
Created Pull Request: https://github.com/simonjamesrowe/environment-simonjamesrowe-staging/pull/60
Added label updatebot to Pull Request https://github.com/simonjamesrowe/environment-simonjamesrowe-staging/pull/60
got git provider status pending from PR https://github.com/simonjamesrowe/environment-simonjamesrowe-staging/pull/60
got git provider status pending from PR https://github.com/simonjamesrowe/environment-simonjamesrowe-staging/pull/60
got git provider status pending from PR https://github.com/simonjamesrowe/environment-simonjamesrowe-staging/pull/60
